android/app/build/intermediates/manifest_merge_blame_file/release/manifest-merger-blame-release-report.txt
1<?xml version="1.0" encoding="utf-8"?>
2<manifest xmlns:android="http://schemas.android.com/apk/res/android"
3    package="com.goskripsi"
4    android:versionCode="1"
5    android:versionName="1.0" >
6
7    <uses-sdk
8        android:minSdkVersion="16"
8-->src\main\AndroidManifest.xml
9        android:targetSdkVersion="29" />
9-->src\main\AndroidManifest.xml
10
11    <uses-permission android:name="android.permission.INTERNET" />
11-->src\main\AndroidManifest.xml:4:5-67
11-->src\main\AndroidManifest.xml:4:22-64
12    <uses-permission android:name="android.permission.ACCESS_FINE_LOCATION" />
12-->src\main\AndroidManifest.xml:5:5-79
12-->src\main\AndroidManifest.xml:5:22-76
13    <uses-permission android:name="android.permission.WAKE_LOCK" />
13-->[:react-native-firebase_database] AndroidManifest.xml:12:5-68
13-->[:react-native-firebase_database] AndroidManifest.xml:12:22-65
14    <uses-permission android:name="android.permission.ACCESS_NETWORK_STATE" />
14-->[:react-native-firebase_database] AndroidManifest.xml:13:5-79
14-->[:react-native-firebase_database] AndroidManifest.xml:13:22-76
15    <uses-permission android:name="android.permission.ACCESS_COARSE_LOCATION" />
15-->[:react-native-maps] AndroidManifest.xml:10:5-81
15-->[:react-native-maps] AndroidManifest.xml:10:22-78
16
17    <uses-feature
17-->[com.google.android.gms:play-services-maps:17.0.0] AndroidManifest.xml:26:5-28:35
18        android:glEsVersion="0x00020000"
18-->[com.google.android.gms:play-services-maps:17.0.0] AndroidManifest.xml:27:9-41
19        android:required="true" />
19-->[com.google.android.gms:play-services-maps:17.0.0] AndroidManifest.xml:28:9-32
20
21    <uses-permission android:name="com.google.android.finsky.permission.BIND_GET_INSTALL_REFERRER_SERVICE" />
21-->[com.google.android.gms:play-services-measurement:17.6.0] AndroidManifest.xml:26:5-110
21-->[com.google.android.gms:play-services-measurement:17.6.0] AndroidManifest.xml:26:22-107
22
23    <application
23-->src\main\AndroidManifest.xml:7:5-31:19
24        android:name="com.goskripsi.MainApplication"
24-->src\main\AndroidManifest.xml:9:7-38
25        android:allowBackup="false"
25-->src\main\AndroidManifest.xml:13:7-34
26        android:appComponentFactory="androidx.core.app.CoreComponentFactory"
26-->[androidx.core:core:1.0.1] AndroidManifest.xml:22:18-86
27        android:icon="@mipmap/ic_launcher"
27-->src\main\AndroidManifest.xml:11:7-41
28        android:label="@string/app_name"
28-->src\main\AndroidManifest.xml:10:7-39
29        android:roundIcon="@mipmap/ic_launcher_round"
29-->src\main\AndroidManifest.xml:12:7-52
30        android:theme="@style/AppTheme" >
30-->src\main\AndroidManifest.xml:14:7-38
31        <meta-data
31-->src\main\AndroidManifest.xml:15:7-17:66
32            android:name="com.google.android.geo.API_KEY"
32-->src\main\AndroidManifest.xml:16:9-54
33            android:value="AIzaSyBs_pqCD_KYAjliz2GczEwQQVYO5IUX1oI" />
33-->src\main\AndroidManifest.xml:17:9-64
34
35        <activity
35-->src\main\AndroidManifest.xml:18:7-28:18
36            android:name="com.goskripsi.MainActivity"
36-->src\main\AndroidManifest.xml:19:9-37
37            android:configChanges="keyboard|keyboardHidden|orientation|screenSize|uiMode"
37-->src\main\AndroidManifest.xml:21:9-86
38            android:label="@string/app_name"
38-->src\main\AndroidManifest.xml:20:9-41
39            android:launchMode="singleTask"
39-->src\main\AndroidManifest.xml:22:9-40
40            android:windowSoftInputMode="adjustResize" >
40-->src\main\AndroidManifest.xml:23:9-51
41            <intent-filter>
41-->src\main\AndroidManifest.xml:24:9-27:25
42                <action android:name="android.intent.action.MAIN" />
42-->src\main\AndroidManifest.xml:25:13-65
42-->src\main\AndroidManifest.xml:25:21-62
43
44                <category android:name="android.intent.category.LAUNCHER" />
44-->src\main\AndroidManifest.xml:26:13-73
44-->src\main\AndroidManifest.xml:26:23-70
45            </intent-filter>
46        </activity>
47        <activity android:name="com.facebook.react.devsupport.DevSettingsActivity" />
47-->src\main\AndroidManifest.xml:29:7-84
47-->src\main\AndroidManifest.xml:29:17-81
48
49        <uses-library
49-->src\main\AndroidManifest.xml:30:5-83
50            android:name="org.apache.http.legacy"
50-->src\main\AndroidManifest.xml:30:19-56
51            android:required="false" />
51-->src\main\AndroidManifest.xml:30:57-81
52
53        <activity
53-->[com.google.android.gms:play-services-auth:18.1.0] AndroidManifest.xml:23:9-27:75
54            android:name="com.google.android.gms.auth.api.signin.internal.SignInHubActivity"
54-->[com.google.android.gms:play-services-auth:18.1.0] AndroidManifest.xml:24:13-93
55            android:excludeFromRecents="true"
55-->[com.google.android.gms:play-services-auth:18.1.0] AndroidManifest.xml:25:13-46
56            android:exported="false"
56-->[com.google.android.gms:play-services-auth:18.1.0] AndroidManifest.xml:26:13-37
57            android:theme="@android:style/Theme.Translucent.NoTitleBar" />
57-->[com.google.android.gms:play-services-auth:18.1.0] AndroidManifest.xml:27:13-72
58        <!--
59            Service handling Google Sign-In user revocation. For apps that do not integrate with
60            Google Sign-In, this service will never be started.
61        -->
62        <service
62-->[com.google.android.gms:play-services-auth:18.1.0] AndroidManifest.xml:33:9-37:51
63            android:name="com.google.android.gms.auth.api.signin.RevocationBoundService"
63-->[com.google.android.gms:play-services-auth:18.1.0] AndroidManifest.xml:34:13-89
64            android:exported="true"
64-->[com.google.android.gms:play-services-auth:18.1.0] AndroidManifest.xml:35:13-36
65            android:permission="com.google.android.gms.auth.api.signin.permission.REVOCATION_NOTIFICATION"
65-->[com.google.android.gms:play-services-auth:18.1.0] AndroidManifest.xml:36:13-107
66            android:visibleToInstantApps="true" />
66-->[com.google.android.gms:play-services-auth:18.1.0] AndroidManifest.xml:37:13-48
67        <service
67-->[com.google.firebase:firebase-database:19.5.0] AndroidManifest.xml:29:9-35:19
68            android:name="com.google.firebase.components.ComponentDiscoveryService"
68-->[com.google.firebase:firebase-database:19.5.0] AndroidManifest.xml:30:13-84
69            android:directBootAware="true"
69-->[com.google.firebase:firebase-common:19.3.1] AndroidManifest.xml:35:13-43
70            android:exported="false" >
70-->[com.google.firebase:firebase-database:19.5.0] AndroidManifest.xml:31:13-37
71            <meta-data
71-->[com.google.firebase:firebase-database:19.5.0] AndroidManifest.xml:32:13-34:85
72                android:name="com.google.firebase.components:com.google.firebase.database.DatabaseRegistrar"
72-->[com.google.firebase:firebase-database:19.5.0] AndroidManifest.xml:33:17-109
73                android:value="com.google.firebase.components.ComponentRegistrar" />
73-->[com.google.firebase:firebase-database:19.5.0] AndroidManifest.xml:34:17-82
74            <meta-data
74-->[com.google.android.gms:play-services-measurement-api:17.6.0] AndroidManifest.xml:30:13-32:85
75                android:name="com.google.firebase.components:com.google.firebase.analytics.connector.internal.AnalyticsConnectorRegistrar"
75-->[com.google.android.gms:play-services-measurement-api:17.6.0] AndroidManifest.xml:31:17-139
76                android:value="com.google.firebase.components.ComponentRegistrar" />
76-->[com.google.android.gms:play-services-measurement-api:17.6.0] AndroidManifest.xml:32:17-82
77            <meta-data
77-->[com.google.firebase:firebase-installations:16.3.2] AndroidManifest.xml:17:13-19:85
78                android:name="com.google.firebase.components:com.google.firebase.installations.FirebaseInstallationsRegistrar"
78-->[com.google.firebase:firebase-installations:16.3.2] AndroidManifest.xml:18:17-127
79                android:value="com.google.firebase.components.ComponentRegistrar" />
79-->[com.google.firebase:firebase-installations:16.3.2] AndroidManifest.xml:19:17-82
80        </service>
81
82        <activity
82-->[com.google.android.gms:play-services-base:17.1.0] AndroidManifest.xml:23:9-26:75
83            android:name="com.google.android.gms.common.api.GoogleApiActivity"
83-->[com.google.android.gms:play-services-base:17.1.0] AndroidManifest.xml:24:13-79
84            android:exported="false"
84-->[com.google.android.gms:play-services-base:17.1.0] AndroidManifest.xml:25:13-37
85            android:theme="@android:style/Theme.Translucent.NoTitleBar" />
85-->[com.google.android.gms:play-services-base:17.1.0] AndroidManifest.xml:26:13-72
86
87        <provider
87-->[com.google.firebase:firebase-common:19.3.1] AndroidManifest.xml:26:9-31:39
88            android:name="com.google.firebase.provider.FirebaseInitProvider"
88-->[com.google.firebase:firebase-common:19.3.1] AndroidManifest.xml:27:13-77
89            android:authorities="com.goskripsi.firebaseinitprovider"
89-->[com.google.firebase:firebase-common:19.3.1] AndroidManifest.xml:28:13-72
90            android:directBootAware="true"
90-->[com.google.firebase:firebase-common:19.3.1] AndroidManifest.xml:29:13-43
91            android:exported="false"
91-->[com.google.firebase:firebase-common:19.3.1] AndroidManifest.xml:30:13-37
92            android:initOrder="100" />
92-->[com.google.firebase:firebase-common:19.3.1] AndroidManifest.xml:31:13-36
93
94        <receiver
94-->[com.google.android.gms:play-services-measurement:17.6.0] AndroidManifest.xml:29:9-33:20
95            android:name="com.google.android.gms.measurement.AppMeasurementReceiver"
95-->[com.google.android.gms:play-services-measurement:17.6.0] AndroidManifest.xml:30:13-85
96            android:enabled="true"
96-->[com.google.android.gms:play-services-measurement:17.6.0] AndroidManifest.xml:31:13-35
97            android:exported="false" >
97-->[com.google.android.gms:play-services-measurement:17.6.0] AndroidManifest.xml:32:13-37
98        </receiver>
99
100        <service
100-->[com.google.android.gms:play-services-measurement:17.6.0] AndroidManifest.xml:35:9-38:40
101            android:name="com.google.android.gms.measurement.AppMeasurementService"
101-->[com.google.android.gms:play-services-measurement:17.6.0] AndroidManifest.xml:36:13-84
102            android:enabled="true"
102-->[com.google.android.gms:play-services-measurement:17.6.0] AndroidManifest.xml:37:13-35
103            android:exported="false" />
103-->[com.google.android.gms:play-services-measurement:17.6.0] AndroidManifest.xml:38:13-37
104        <service
104-->[com.google.android.gms:play-services-measurement:17.6.0] AndroidManifest.xml:39:9-43:72
105            android:name="com.google.android.gms.measurement.AppMeasurementJobService"
105-->[com.google.android.gms:play-services-measurement:17.6.0] AndroidManifest.xml:40:13-87
106            android:enabled="true"
106-->[com.google.android.gms:play-services-measurement:17.6.0] AndroidManifest.xml:41:13-35
107            android:exported="false"
107-->[com.google.android.gms:play-services-measurement:17.6.0] AndroidManifest.xml:42:13-37
108            android:permission="android.permission.BIND_JOB_SERVICE" />
108-->[com.google.android.gms:play-services-measurement:17.6.0] AndroidManifest.xml:43:13-69
109
110        <meta-data
110-->[com.google.android.gms:play-services-basement:17.1.1] AndroidManifest.xml:23:9-25:69
111            android:name="com.google.android.gms.version"
111-->[com.google.android.gms:play-services-basement:17.1.1] AndroidManifest.xml:24:13-58
112            android:value="@integer/google_play_services_version" />
112-->[com.google.android.gms:play-services-basement:17.1.1] AndroidManifest.xml:25:13-66
113    </application>
114
115</manifest>